Build started 8/6/2015 9:50:32 AM.
     1>Project "C:\Users\Tim\Documents\GitHub\Tim-s-Repo\Tim-s-Repo\Machine_Learning\AdaBoost\AdaBoost\AdaBoost.vcxproj" on node 2 (Build target(s)).
     1>ClCompile:
         C:\Program Files (x86)\Microsoft Visual Studio 12.0\VC\bin\CL.exe /c /ZI /nologo /W3 /WX- /Od /Oy- /D WIN32 /D _DEBUG /D _CONSOLE /D _LIB /D _UNICODE /D UNICODE /Gm /EHsc /RTC1 /MDd /GS /fp:precise /Zc:wchar_t /Zc:forScope /Fo"Debug\\" /Fd"Debug\vc120.pdb" /Gd /TP /analyze- /errorReport:prompt Source.cpp
         Source.cpp
     1>c:\users\tim\documents\github\tim-s-repo\tim-s-repo\machine_learning\adaboost\adaboost\source.cpp(87): warning C4018: '<' : signed/unsigned mismatch
     1>c:\users\tim\documents\github\tim-s-repo\tim-s-repo\machine_learning\adaboost\adaboost\source.cpp(93): warning C4018: '<' : signed/unsigned mismatch
     1>c:\users\tim\documents\github\tim-s-repo\tim-s-repo\machine_learning\adaboost\adaboost\source.cpp(102): warning C4018: '<' : signed/unsigned mismatch
     1>c:\users\tim\documents\github\tim-s-repo\tim-s-repo\machine_learning\adaboost\adaboost\source.cpp(125): warning C4018: '<' : signed/unsigned mismatch
     1>c:\users\tim\documents\github\tim-s-repo\tim-s-repo\machine_learning\adaboost\adaboost\source.cpp(122): warning C4101: 'correct' : unreferenced local variable
     1>c:\users\tim\documents\github\tim-s-repo\tim-s-repo\machine_learning\adaboost\adaboost\source.cpp(177): warning C4018: '<' : signed/unsigned mismatch
     1>c:\users\tim\documents\github\tim-s-repo\tim-s-repo\machine_learning\adaboost\adaboost\source.cpp(250): warning C4018: '<' : signed/unsigned mismatch
     1>c:\users\tim\documents\github\tim-s-repo\tim-s-repo\machine_learning\adaboost\adaboost\source.cpp(276): warning C4018: '<' : signed/unsigned mismatch
     1>c:\users\tim\documents\github\tim-s-repo\tim-s-repo\machine_learning\adaboost\adaboost\source.cpp(281): warning C4018: '<' : signed/unsigned mismatch
     1>c:\users\tim\documents\github\tim-s-repo\tim-s-repo\machine_learning\adaboost\adaboost\source.cpp(286): warning C4018: '<' : signed/unsigned mismatch
       Link:
         C:\Program Files (x86)\Microsoft Visual Studio 12.0\VC\bin\link.exe /ERRORREPORT:PROMPT /OUT:"C:\Users\Tim\Documents\GitHub\Tim-s-Repo\Tim-s-Repo\Machine_Learning\AdaBoost\Debug\AdaBoost.exe" /INCREMENTAL /NOLOGO kernel32.lib user32.lib gdi32.lib winspool.lib comdlg32.lib advapi32.lib shell32.lib ole32.lib oleaut32.lib uuid.lib odbc32.lib odbccp32.lib /MANIFEST /MANIFESTUAC:"level='asInvoker' uiAccess='false'" /manifest:embed /DEBUG /PDB:"C:\Users\Tim\Documents\GitHub\Tim-s-Repo\Tim-s-Repo\Machine_Learning\AdaBoost\Debug\AdaBoost.pdb" /SUBSYSTEM:CONSOLE /TLBID:1 /DYNAMICBASE /NXCOMPAT /IMPLIB:"C:\Users\Tim\Documents\GitHub\Tim-s-Repo\Tim-s-Repo\Machine_Learning\AdaBoost\Debug\AdaBoost.lib" /MACHINE:X86 Debug\Source.obj
         AdaBoost.vcxproj -> C:\Users\Tim\Documents\GitHub\Tim-s-Repo\Tim-s-Repo\Machine_Learning\AdaBoost\Debug\AdaBoost.exe
     1>Done Building Project "C:\Users\Tim\Documents\GitHub\Tim-s-Repo\Tim-s-Repo\Machine_Learning\AdaBoost\AdaBoost\AdaBoost.vcxproj" (Build target(s)).

Build succeeded.

Time Elapsed 00:00:01.02
